 -0.0461,  0.6980, -0.3650, -0.0231, -0.4463, -0.4325, -0.2904, -0.2099,  0.1382, -0.4752, -0.1185,  0.3272,  0.1699, -0.4335, -0.1214, -0.2370, -0.1366, -0.1536,  0.1800,  0.0904, -0.2007, -0.2138, -0.3778, -0.5344, -0.0339, -0.1673, -0.4966, -0.0042, -0.3085, -0.6446, -0.0330,  0.0277, -0.1579,  0.0771,
         0.4160, -0.2840, -0.7709, -1.2082,  0.0873, -0.6397, -0.1954, -0.2479, -0.1939, -0.2998, -0.3767, -0.3705,  0.2733, -0.7215, -0.3479, -0.0326, -0.0465, -0.0866, -0.5808,  0.0632,  0.1043, -0.1726, -0.2525, -0.3829,  0.0369, -0.3694, -0.4077, -0.2705,  0.4067,  0.1505, -0.7644, -0.2978, -0.2546, -0.1617,
        -0.5623, -0.1315, -0.6686,  0.1089,  0.2551, -0.0739,  0.4217, -0.4555,  0.0624,  0.0447,  0.4493, -0.0589, -0.0513, -0.6076,  0.0871, -0.4217, -0.0742,  0.2371,  0.1181, -0.1973, -0.5127, -0.2823, -0.3882, -0.5434, -0.1992, -0.1212,  0.5976,  0.2807, -0.2033,  0.1172, -0.0637,  0.1582,  0.0663, -0.1485,
         0.1341,  0.2079, -0.3038, -0.2541,  0.0845, -0.2755, -0.1654, -0.6278, -0.5039,  0.1918,  0.2133,  0.0651,  0.0075, -0.5105, -0.1464, -0.3339, -0.5898, -0.3276, -0.2136, -0.6698, -0.3605, -0.5390, -0.2598, -0.1257, -0.1325,  0.1602,  0.2889, -0.0412,  0.2379, -0.4193, -0.3353, -0.6412,  0.0751, -0.1359,
        -0.0996,  0.4625, -0.1334, -0.3065,  0.0755, -0.1462, -0.2839, -0.1100,  0.0114, -0.2287, -0.0202, -0.0516,  0.1413,  0.0570,  0.0382, -0.0462,  0.2558, -0.0544, -0.1630, -0.2317, -0.3445, -0.0906, -0.1757, -0.1433, -0.1298, -0.3947,  0.0500, -0.0624,  0.0171, -0.1580, -0.3740, -0.2313, -0.2292, -0.3056,
        -0.2348, -0.1133, -0.0637,  0.4314,  0.0611,  0.0807, -0.0484,  0.0121, -0.0449, -0.3668, -0.0288, -0.2803, -0.2409, -0.1641, -0.3366, -0.1711, -0.2874, -0.5585], requires_grad=True)), ('module_list.109.BatchNorm2d.running_mean', tensor([-1.9480e-01, -6.8532e-02, -2.9806e-01, -2.4774e-02, -2.0598e-01, -1.3703e-01, -7.2863e-01, -2.5086e-01, -2.4412e-01, -1.0639e-01, -2.2872e-02, -6.4203e-04, -3.5459e-01,  3.2092e-02, -1.2639e-01,  1.0971e-02, -2.2384e-01, -2.3656e-02,  2.3895e-02, -9.3754e-02, -2.6433e-01,  8.1390e-02, -3.6066e-01, -9.6284e-02,
        -1.7798e-01, -1.2634e-01, -2.3019e-01, -2.2989e-02, -1.3495e-01,  1.5703e-01, -2.4819e-01,  7.0047e-02, -2.6423e-01, -1.8847e-01, -5.1456e-02, -1.0186e-01,  2.1254e-01, -1.3855e-01, -3.0009e-01, -1.9224e-01, -2.7088e-02, -3.1445e-01, -5.8222e-02, -9.4887e-02, -3.0141e-01,  8.0618e-03, -7.5644e-02, -2.5943e-01,
        -1.8267e-01, -3.3105e-01, -2.1457e-01, -9.6848e-03, -1.1333e-01,  7.1913e-03, -1.3832e-01, -3.0513e-01, -1.9657e-01, -2.6372e-01, -7.0726e-02, -1.4459e-01,  1.4719e-01, -1.0028e-01, -2.3457e-01, -6.0891e-02, -2.0698e-01, -3.1508e-01, -8.7541e-02, -1.6739e-01, -2.3346e-01, -1.1283e-01, -1.6215e-01, -1.4776e-01,
        -1.3042e-01,  8.2249e-02, -6.4107e-02,  6.9999e-02, -8.6011e-02, -1.9892e-01, -2.2756e-01, -1.7634e-01,  7.6423e-02, -2.9699e-01, -3.4547e-01, -7.0922e-02, -1.3577e-01, -1.9036e-01,  1.0280e-01, -2.3962e-01, -1.1119e-01, -1.2004e-01,  7.0448e-02, -6.3716e-02, -4.5462e-01,  5.0684e-03, -3.1225e-01, -2.0028e-01,
        -6.4342e-01,  6.1487e-02, -3.4028e-01, -8.1651e-02, -1.1824e-01, -1.9251e-01, -2.0650e-01, -1.6426e-01,  5.9012e-02,  1.2462e+00, -3.5782e-01, -2.8576e-01,  8.2479e-04, -1.0779e-01, -1.1755e-01, -5.3535e-02, -2.3858e-01, -1.2955e-01, -2.0170e-01,  2.0405e-01, -1.7203e-01, -2.4309e-01, -9.6239e-02, -7.2991e-02,
        -4.9612e-01, -9.8897e-03,  3.1545e-02,  3.5298e-01, -3.9956e-01,  9.8922e-03, -5.4267e-02, -1.9829e-01, -1.4406e-01, -1.1706e-01, -1.4954e-01,  1.6207e-01, -2.0892e-02, -1.3527e-01, -5.7090e-02, -5.5487e-02, -1.4538e-01, -1.6935e-01, -1.9449e-01,  1.2097e-01,  4.1537e-02, -5.1863e-02, -2.9168e-01, -3.6658e-02,
        -1.9447e-01,  1.9104e-01, -1.5886e-03, -9.5861e-02, -1.4779e-01,  5.5228e-03, -2.6291e-01, -3.2435e-01, -1.0227e-02, -7.1275e-02,  2.8061e-01, -2.1027e-01, -2.9857e-01, -4.4650e-01,  3.2297e-01, -4.9503e-02, -3.4434e-01, -1.4445e-01,  1.0226e-01, -1.6906e-01, -3.6883e-01,  6.2613e-02, -2.3498e-03, -1.7044e-01,
        -5.2656e-02,  1.0161e-02,  5.3263e-02,  9.9063e-02, -1.8699e-01, -2.1143e-01, -3.2968e-01, -2.7431e-01, -2.5554e-02, -1.2079e-01, -8.4435e-02, -2.5004e-01, -3.6006e-01, -5.6378e-02, -2.2150e-01, -1.2293e-01, -1.8567e-01, -5.3309e-02, -4.2276e-02, -2.6319e-01, -2.1320e-01, -3.5953e-01,  2.2082e-02, -2.2618e-01,
        -1.0102e-01, -1.6318e-01,  1.4659e-01, -3.3035e-01, -3.1496e-02, -1.1247e-01, -1.0756e-01, -1.2357e-01, -2.1915e-01, -5.3588e-02, -1.1056e-01, -2.8058e-01,  1.1472e-01, -2.4860e-02, -4.2715e-01, -4.2115e-01, -1.7560e-01, -1.1251e-01, -1.1164e-01,  6.8232e-02, -3.4800e-01, -1.4118e-01,  2.0167e-01,  1.6383e-01,
        -3.7882e-02, -2.8181e-01, -5.1029e-02, -1.4186e-01, -4.2856e-01, -8.7689e-02, -1.4764e-01, -2.3180e-01, -2.9803e-01,  1.1294e-02, -3.5371e-01, -3.2879e-01, -2.2122e-03, -9.1373e-02,  5.9778e-03, -1.8983e-01, -1.9162e-01,  6.3609e-02, -3.0854e-01, -6.7523e-02, -1.7330e-01, -1.5591e-01,  3.8164e-02, -7.4126e-02,
        -3.3725e-01, -1.1353e-01, -1.6825e-01, -4.2108e-01, -1.8011e-01, -9.1953e-02, -2.5977e-01, -2.6684e-01, -1.1852e-01, -6.9441e-02, -2.2147e-01, -1.9880e-01, -2.1720e-01, -1.8286e-01, -1.2449e-01, -1.1940e-01], requires_grad=True)), ('module_list.109.BatchNorm2d.running_var', tensor([0.0857, 0.0647, 0.1685, 0.0423, 0.0822, 0.1723, 0.2249, 0.0613, 0.0933, 0.0823, 0.0797, 0.0937, 0.0483, 0.0819, 0.0565, 0.0578, 0.0870, 0.1477, 0.0575, 0.0822, 0.0837, 0.0578, 0.0904, 0.0944, 0.1267, 0.1067, 0.0790, 0.0561, 0.0883, 0.0525, 0.0877, 0.0816, 0.1822, 0.0887, 0.1129, 0.0534, 0.0630, 0.1880, 0.0597,
        0.0741, 0.0716, 0.1538, 0.0668, 0.1235, 0.1214, 0.1125, 0.0829, 0.1207, 0.0675, 0.0892, 0.1601, 0.1841, 0.0878, 0.0754, 0.1001, 0.1022, 0.0539, 0.1086, 0.1495, 0.0562, 0.0921, 0.0824, 0.0579, 0.1213, 0.3022, 0.1029, 0.2878, 0.0490, 0.0639, 0.1558, 0.0645, 0.1163, 0.0706, 0.0903, 0.0421, 0.2452, 0.1037, 0.1369,
        0.0963, 0.1236, 0.0880, 0.1301, 0.1806, 0.0674, 0.0473, 0.0847, 0.1363, 0.1305, 0.0932, 0.1701, 0.0861, 0.0537, 0.0670, 0.0710, 0.0785, 0.0763, 0.1313, 0.0832, 0.1133, 0.1019, 0.1163, 0.1130, 0.1079, 0.1043, 0.1636, 0.3505, 0.0847, 0.0816, 0.0722, 0.0814, 0.0614, 0.1536, 0.0869, 0.0468, 0.1467, 0.0946, 0.0573,
        0.1028, 0.1227, 0.1158, 0.0569, 0.0593, 0.1151, 0.9533, 0.0798, 0.0647, 0.1301, 0.0475, 0.0453, 0.1609, 0.1300, 0.1203, 0.0759, 0.1257, 0.0724, 0.1427, 0.0599, 0.1280, 0.1554, 0.0935, 0.0938, 0.0988, 0.1897, 0.0608, 0.1098, 0.1479, 0.1141, 0.0938, 0.0933, 0.0604, 0.1128, 0.1722, 0.1854, 0.1169, 0.1157, 0.1787,
        0.0457, 0.1204, 0.0904, 0.0817, 0.0663, 0.1331, 0.1061, 0.1748, 0.1269, 0.0792, 0.1111, 0.1095, 0.0620, 0.0824, 0.0839, 0.1244, 0.0939, 0.0834, 0.1284, 0.0537, 0.0596, 0.1232, 0.0535, 0.1439, 0.3058, 0.0918, 0.1108, 0.0509, 0.0760, 0.1459, 0.0408, 0.0602, 0.0928, 0.0632, 0.0783, 0.0928, 0.0607, 0.0915, 0.0653,
        0.1028, 0.0969, 0.0903, 0.0928, 0.0500, 0.0929, 0.0613, 0.0841, 0.1068, 0.0548, 0.1547, 0.0624, 0.0683, 0.1578, 0.0834, 0.0495, 0.1053, 0.1604, 0.0642, 0.0684, 0.0482, 0.1210, 0.1415, 0.1166, 0.0749, 0.2997, 0.1216, 0.1457, 0.0701, 0.1866, 0.1020, 0.1063, 0.0466, 0.2012, 0.0411, 0.0963, 0.0816, 0.1213, 0.0515,
        0.0643, 0.0695, 0.0600, 0.0894, 0.0920, 0.0787, 0.0795, 0.1154, 0.0885, 0.1244, 0.0586, 0.0638, 0.1058, 0.0797, 0.0999, 0.0623, 0.0868, 0.0946, 0.0493, 0.0820, 0.1326, 0.0497], requires_grad=True)), ('module_list.109.BatchNorm2d.num_batches_tracked', tensor(0)), ('module_list.110.Conv2d.weight', tensor([[[[ 0.0051]],

         [[ 0.0052]],

         [[-0.0016]],

         ...,

         [[ 0.0081]],

         [[ 0.0064]],

         [[-0.0029]]],


        [[[-0.0077]],

         [[-0.0123]],

         [[-0.0089]],

         ...,

         [[ 0.0054]],

         [[-0.0422]],

         [[ 0.0050]]],


        [[[-0.0081]],

         [[-0.0368]],

         [[ 0.0065]],

         ...,

         [[-0.0316]],

         [[-0.0070]],

         [[-0.0224]]],


        ...,


        [[[-0.0362]],

         [[-0.0141]],

         [[-0.0028]],

         ...,

         [[ 0.0310]],

         [[ 0.0174]],

         [[-0.0140]]],


        [[[-0.0352]],

         [[ 0.0066]],

         [[-0.0104]],

         ...,

         [[-0.0053]],

         [[ 0.0148]],

         [[ 0.0028]]],


        [[[-0.0092]],

         [[ 0.0523]],

         [[-0.0274]],

         ...,

         [[ 0.0053]],

         [[ 0.0081]],

         [[ 0.0025]]]], requires_grad=True)), ('module_list.110.BatchNorm2d.weight', tensor([0.9083, 0.7806, 0.8649, 0.8856, 0.7986, 0.8233, 1.2517, 0.7310, 1.2139, 0.9914, 0.7934, 0.7999, 0.9227, 0.8216, 0.8857, 0.7779, 0.9204, 1.0052, 0.7571, 0.8590, 0.9443, 0.8685, 0.8131, 0.7739, 1.0089, 1.1610, 0.7876, 1.1437, 0.8395, 0.7782, 0.8765, 0.8035, 0.7936, 0.9826, 1.0029, 1.1100, 0.8368, 1.0096, 0.8477,
        1.1687, 0.9893, 0.9579, 0.7862, 0.8302, 0.8763, 0.8458, 1.1384, 0.9753, 0.8278, 1.1022, 1.3064, 1.2199, 1.1496, 1.1091, 0.7314, 1.2073, 0.8036, 0.8484, 0.8762, 0.9747, 0.6748, 1.0263, 0.7512, 0.9294, 0.7589, 0.7964, 0.7539, 0.8069, 1.0496, 1.4237, 0.8705, 0.7742, 1.1451, 1.1162, 0.8977, 1.0022, 0.9107, 0.8641,
        0.8942, 0.8880, 0.8963, 0.8495, 0.8935, 0.8906, 0.8573, 0.7554, 1.2009, 1.0257, 0.8729, 0.8674, 1.0204, 1.1632, 1.0088, 1.0982, 0.7828, 0.8804, 0.8038, 0.8579, 0.8178, 0.9488, 0.8350, 0.8696, 0.9088, 1.0171, 0.6732, 1.0791, 1.0994, 0.8833, 1.0488, 0.8555, 0.9170, 1.6307, 0.8917, 0.6524, 0.7393, 0.8943, 1.3671,
        0.8263, 0.9664, 1.2426, 0.7003, 0.7707, 0.7947, 0.9562, 0.8500, 0.7029, 1.4926, 1.0137], requires_grad=True)), ('module_list.110.BatchNorm2d.bias', tensor([-5.0268e-01,  2.4773e-01,  3.4908e-03, -8.3501e-02,  6.9174e-01,  1.2307e-01,  1.0984e-01,  3.6731e-01, -1.4654e+00,  4.4425e-01,  1.5974e-01,  7.9158e-01, -3.3216e-01,  1.4100e-01,  1.1419e-01,  2.4913e-01,  2.1372e-01, -4.1340e-02,  5.2956e-01, -1.8312e-01, -3.4903e-02, -1.0030e+00,  8.8621e-02, -1.9131e-01,
        -3.4818e-01,  1.0176e-01,  4.3042e-02,  1.0260e-01,  3.3173e-01,  8.6627e-01, -4.2771e-02,  1.1777e-01,  4.3921e-01,  4.1401e-01,  3.7552e-01,  6.5788e-01,  2.2138e-02, -1.7808e-01,  4.6865e-02,  2.1391e-01, -2.5415e-01,  1.1712e-02,  2.4288e-01,  2.4392e-01,  5.1654e-02,  4.9511e-01, -9.3643e-02, -2.9041e-01,
        -1.0260e-01, -5.2377e-02, -2.0831e-01,  1.6425e-01,  3.4052e-01,  9.6611e-02,  1.4470e-01, -3.5504e-01,  3.3984e-01, -1.1925e-01,  5.5671e-01, -2.8210e-01,  4.2510e-01, -2.2722e-01,  2.7636e-01, -1.1190e+00,  8.0143e-01, -1.7478e-02,  2.0445e-01,  5.7884e-04,  2.5753e-01,  2.7850e-01, -2.8252e-02,  2.5636e-01,
        -3.2795e-02,  9.5467e-02,  8.9197e-02,  8.2510e-01, -2.3419e-01,  2.6404e-01,  6.8997e-02, -7.8561e-02,  7.8476e-02,  1.4600e-01, -1.7499e-01,  1.3041e-01, -2.1348e-02,  1.7632e+00, -6.4035e-01,  2.2824e-01,  1.0524e-01,  8.9625e-02, -6.5135e-01,  2.5746e-01,  1.7837e-02, -1.2177e+00, -1.1221e-01, -2.9086e-01,
         2.9231e-01, -2.2520e-01,  3.3269e-01, -2.2846e-01,  2.6729e-01, -2.2093e-02, -3.4967e-01,  3.1782e-01,  1.5798e-01,  3.0249e-01, -2.0894e-01,  3.4031e-02,  1.6917e-02,  4.3638e-02,  1.2808e-01, -2.1603e-01,  1.8613e-01,  4.5149e-01,  2.6357e-01,  3.0800e-02,  3.1961e-01, -4.8931e-02, -2.5717e-01,  1.5332e-01,
         3.4284e-01,  6.4527e-01,  1.9668e-01,  7.9016e-01, -2.2597e-01,  2.8280e-01,  1.9919e-01, -2.0430e-01], requires_grad=True)), ('module_list.110.BatchNorm2d.running_mean', tensor([-0.1904, -0.3397,  0.0554, -0.0720, -0.1997, -0.0502, -0.4242, -0.0122,  0.8540, -0.5850, -0.3014, -0.0873, -0.2932, -0.1586, -0.2854, -0.0121, -0.4766, -0.3307,  0.2489, -0.1516, -0.2063,  0.5989, -0.0576,  0.2896, -0.1666,  0.1536,  0.0009, -0.2107, -0.1832, -0.2005, -0.1947, -0.2885, -0.2723,  0.0546,
         0.2085,  0.1550,  0.0083, -0.2580, -0.3111, -0.2394, -0.5221, -0.1159, -0.2137, -0.1756, -0.1981, -0.0594, -0.4645,  0.0348, -0.0748, -0.0310, -0.1719, -0.4386, -0.1393, -0.4711, -0.2314,  0.0136, -0.3452, -0.2056,  0.2027, -0.1531, -0.3226, -0.3241, -0.0453,  0.5099, -0.1613, -0.2482, -0.1099, -0.1689,
        -0.7537, -0.0457, -0.1534, -0.0763, -0.5054, -0.3267, -0.0960, -0.1388,  0.1050, -0.0258, -0.1442, -0.2042, -0.2022, -0.2487, -0.1429, -0.1256, -0.3475, -0.2764, -0.3744,  0.1909, -0.2116, -0.1667, -0.0678, -0.1106,  0.0939,  0.5327, -0.2573, -0.0102, -0.1401, -0.0767,  0.0942, -0.2756, -0.0338, -0.0146,
        -0.1822, -0.0167, -0.0350,  0.0374,  0.0453, -0.0265, -0.3087, -0.0530, -0.1226,  0.0561, -0.0853, -0.1452, -0.0465, -0.0981, -0.2345, -0.1140, -0.3724, -0.0414, -0.0600, -0.2427, -0.2222, -0.3582, -0.1160, -0.1682, -0.2216, -0.0383], requires_grad=True)), ('module_list.110.BatchNorm2d.running_var', tensor([0.0652, 0.0256, 0.0372, 0.0334, 0.0413, 0.0385, 0.0541, 0.0421, 0.0491, 0.0692, 0.0374, 0.2149, 0.0351, 0.0340, 0.0383, 0.0325, 0.0410, 0.0566, 0.0394, 0.0313, 0.0337, 0.0331, 0.0402, 0.0330, 0.0263, 0.0850, 0.0378, 0.0520, 0.0478, 0.1437, 0.0356, 0.0413, 0.0479, 0.0822, 0.0624, 0.1283, 0.0539, 0.0369, 0.0388,
        0.0478, 0.0594, 0.0512, 0.0395, 0.0408, 0.0387, 0.0625, 0.1003, 0.0434, 0.0397, 0.0807, 0.1752, 0.0689, 0.0676, 0.0781, 0.0260, 0.0536, 0.0393, 0.0324, 0.0526, 0.0307, 0.0351, 0.0358, 0.0418, 0.0502, 0.0495, 0.0328, 0.0293, 0.0309, 0.0285, 0.2349, 0.0277, 0.0359, 0.0942, 0.0356, 0.0327, 0.0796, 0.0387, 0.0524,
        0.0359, 0.0365, 0.0393, 0.0331, 0.0303, 0.0554, 0.0447, 0.1864, 0.0434, 0.0577, 0.0404, 0.0446, 0.0420, 0.0693, 0.0380, 0.0363, 0.0256, 0.0253, 0.0419, 0.0435, 0.0397, 0.0345, 0.0520, 0.0381, 0.0214, 0.1252, 0.0384, 0.0958, 0.1046, 0.0367, 0.0958, 0.0341, 0.0546, 0.0388, 0.0525, 0.0642, 0.0354, 0.0506, 0.1040,
        0.0478, 0.0342, 0.1873, 0.0338, 0.1908, 0.0320, 0.3388, 0.0416, 0.0313, 0.0947, 0.0302], requires_grad=True)), ('module_list.110.BatchNorm2d.num_batches_tracked', tensor(0)), ('module_list.111.Conv2d.weight', tensor([[[[ 4.5325e-03,  2.0324e-03,  3.5202e-03],
          [ 2.0086e-03, -1.7933e-03, -1.8327e-03],
          [ 1.7105e-03,  2.4895e-03, -5.9601e-04]],

         [[-1.6612e-03,  3.1815e-03,  1.6662e-03],
          [ 6.3029e-03,  2.4678e-03,  9.6469e-03],
          [ 5.0501e-03,  3.1580e-03,  4.4309e-03]],

         [[-3.6371e-03, -1.9178e-03, -3.0754e-03],
          [-1.8313e-03,  1.9008e-03, -4.1026e-03],
          [-2.9885e-03, -7.2552e-03, -3.0104e-03]],

         ...,

         [[-2.8550e-03, -1.6868e-03, -4.3571e-03],
          [-1.2361e-03,  7.0984e-03, -1.7466e-03],
          [-3.8568e-03,  2.6166e-03, -5.3708e-03]],

         [[ 2.0804e-03,  8.7691e-04,  2.5359e-03],
          [ 3.8002e-03,  1.1193e-02,  1.9965e-03],
          [-3.6345e-03, -1.2532e-03,  2.8040e-04]],

         [[ 6.5987e-03,  1.4311e-02,  5.7797e-03],
          [ 1.2738e-02,  2.4573e-02,  1.3839e-02],
          [ 3.2839e-03,  1.1884e-02,  2.2522e-03]]],


        [[[ 1.3130e-03,  6.6108e-03,  6.1017e-03],
          [-5.1121e-03,  1.0810e-03, -2.7526e-03],
          [-2.2372e-03,  8.0630e-03,  2.7367e-04]],

         [[-2.8440e-03,  6.2361e-03,  1.7306e-03],
          [ 2.0115e-03,  3.0983e-02, -1.4045e-03],
          [ 5.1190e-03,  1.0150e-02,  7.1443e-04]],

         [[-1.0930e-02, -3.2262e-03, -8.5027e-03],
          [-1.5276e-02, -1.8832e-02, -2.1783e-02],
          [-9.6966e-03, -1.3975e-02, -1.0651e-02]],

         ...,

         [[ 3.5172e-03,  3.6592e-03,  5.8668e-03],
          [ 1.4115e-02,  8.6315e-03,  8.1582e-03],
          [ 5.9714e-03, -1.0223e-02, -2.2180e-03]],

         [[-6.0539e-03,  2.1866e-04,  6.1500e-04],
          [-2.6956e-03, -5.7973e-03, -2.4759e-03],
          [ 2.5622e-03,  7.8235e-04,  4.9478e-03]],

         [[-4.4934e-03,  3.2312e-03, -9.3603e-03],
          [ 5.8711e-03,  2.6912e-02,  1.0241e-04],
          [-5.2053e-03,  5.7355e-03, -9.9802e-04]]],


        [[[ 2.3818e-03,  4.8584e-03,  7.3721e-03],
          [ 3.8528e-03,  5.0495e-04, -1.1664e-04],
          [ 8.4335e-03,  1.9587e-03,  6.2162e-03]],

         [[-3.3112e-03, -6.9222e-03, -6.7541e-03],
          [ 2.8169e-03,  6.8452e-03,  6.7889e-03],
          [-2.2348e-03,  9.6140e-03, -1.1580e-04]],

         [[ 1.1401e-03,  1.4748e-02,  3.7908e-03],
          [-3.7103e-03, -1.4538e-02, -7.0302e-03],
          [ 1.1347e-02,  1.1752e-02, -1.2297e-03]],

         ...,

         [[-8.7330e-03, -1.2871e-02, -1.1892e-02],
          [ 1.0547e-03,  1.2525e-02,  1.6591e-03],
          [ 8.9248e-03,  8.3795e-03,  8.8930e-03]],

         [[ 3.1884e-03, -3.6906e-06,  2.0190e-03],
          [ 1.5557e-03, -8.8321e-03, -1.9579e-03],
          [ 2.2943e-03, -4.0839e-03, -1.0904e-03]],

         [[ 5.8637e-03,  1.9358e-02,  5.2902e-03],
          [ 1.8335e-02,  3.8591e-02,  1.7618e-02],
          [ 1.0244e-03,  1.1283e-02, -4.4655e-03]]],


        ...,


        [[[ 2.1847e-03,  2.5689e-02,  3.9956e-04],
          [ 4.1919e-03, -3.4811e-03, -1.2495e-04],
          [ 1.3736e-02,  2.1510e-03,  1.0077e-02]],

         [[-2.2515e-03, -1.2201e-02, -1.7014e-03],
          [ 1.0544e-02,  9.8515e-03,  1.3921e-02],
          [-1.2261e-02, -2.0365e-02, -1.0366e-02]],

         [[ 7.5424e-04,  1.1739e-02, -3.4104e-03],
          [ 2.9988e-03,  1.7202e-03, -7.7813e-04],
          [-2.8685e-03,  1.5520e-03, -7.7224e-03]],

         ...,

         [[ 4.3292e-03,  5.9439e-03,  5.9058e-03],
          [ 5.9406e-03, -4.7974e-04,  2.2708e-03],
          [ 3.6796e-03,  5.9480e-03, -5.8200e-04]],

         [[ 2.2806e-03, -1.4511e-04,  1.6606e-04],
          [ 1.7204e-03,  2.9735e-02,  1.9498e-03],
          [-3.3064e-03, -1.4668e-02, -9.5389e-03]],

         [[-3.8557e-03,  3.5379e-03, -2.9698e-03],
          [-1.8737e-03, -5.9559e-03,  1.1039e-03],
          [ 2.3717e-03,  3.9232e-04, -1.9417e-03]]],


        [[[-9.7092e-04,  4.0051e-04,  2.3041e-04],
          [-3.3306e-03, -1.4031e-02, -5.9328e-03],
          [ 6.5588e-04, -1.1591e-02, -2.9815e-03]],

         [[-2.2377e-03, -1.6734e-04, -3.7795e-03],
          [-4.7406e-03,  1.2934e-02, -8.1333e-03],
          [ 4.5769e-03,  9.7568e-03, -1.5715e-03]],

         [[-2.0272e-03, -3.3292e-03, -1.1792e-03],
          [-3.4368e-03, -1.4579e-02, -9.0529e-04],
          [ 3.2527e-03,  4.8919e-03,  2.3695e-03]],

         ...,

         [[ 1.1564e-02,  1.1015e-02,  7.2874e-03],
          [ 6.4035e-03,  1.0223e-02,  6.7319e-03],
          [-3.3081e-03,  2.7021e-03, -1.5254e-03]],

         [[-6.7625e-03, -1.2008e-03, -4.0772e-03],
          [ 1.9397e-03,  2.2049e-02,  1.7557e-03],
          [-1.5502e-03,  9.9878e-03,  1.7947e-03]],

         [[-1.3979e-02, -2.0107e-02, -1.4250e-02],
          [-1.1855e-02, -2.7642e-02, -9.3093e-03],
          [ 3.4659e-03, -5.5726e-03,  7.9241e-05]]],


        [[[ 6.0186e-03, -4.0046e-03,  3.7656e-03],
          [ 1.9453e-03, -1.5328e-02, -2.6458e-03],
          [ 3.8543e-03, -4.7272e-03,  2.8631e-03]],

         [[-5.0961e-03, -5.4195e-03, -5.8659e-03],
          [-1.7734e-03,  4.0703e-03, -2.3731e-03],
          [-1.1195e-03,  2.0458e-03, -2.3007e-03]],

         [[-2.0679e-03, -5.7511e-03, -1.2547e-04],
          [-2.8101e-03, -1.1451e-02, -1.9605e-03],
          [ 9.0541e-04, -5.7427e-03,  2.4426e-03]],

         ...,

         [[-3.5426e-03, -8.5181e-03, -3.8734e-03],
          [-4.1201e-03, -8.4333e-03, -8.0797e-03],
          [-2.6021e-03, -1.1064e-02, -4.2220e-03]],

         [[-1.1186e-03, -4.3886e-04, -2.2996e-03],
          [ 3.7770e-03,  1.0112e-02,  4.5135e-03],
          [ 7.4256e-04, -3.5552e-03, -2.0426e-04]],

         [[-2.4615e-03, -7.7798e-05,  7.5540e-04],
          [ 7.7085e-03,  1.1508e-02,  7.2781e-03],
          [-6.3947e-04,  3.5848e-04,  5.1730e-04]]]], requires_grad=True)), ('module_list.111.BatchNorm2d.weight', tensor([0.9872, 2.1604, 2.0453, 0.7762, 2.1492, 1.9275, 0.7457, 0.7449, 0.6767, 1.6138, 0.4903, 1.0621, 0.5940, 0.8110, 1.6967, 0.6706, 1.9854, 1.6801, 1.0994, 1.0585, 1.5651, 2.3592, 2.4320, 0.8658, 2.4197, 1.5766, 1.3938, 1.6864, 2.2412, 1.0012, 1.0598, 0.6978, 0.4265, 1.7941, 0.9997, 2.3091, 1.3386, 0.4524, 1.2819,
        2.3786, 1.0736, 0.5557, 2.3540, 1.4535, 0.7254, 1.7773, 0.7780, 0.6936, 0.4113, 1.7018, 0.9482, 1.0299, 0.6162, 1.1224, 1.6514, 1.2442, 2.1704, 1.5094, 0.9246, 1.8996, 1.8098, 0.8665, 1.3737, 1.3704, 1.2415, 0.5183, 0.8533, 2.3168, 0.3913, 0.6717, 1.5256, 1.9910, 0.9337, 1.7349, 1.6321, 0.7821, 1.0382, 1.0847,
        1.0638, 1.8698, 1.5834, 1.0913, 0.8048, 1.7742, 1.5619, 0.6349, 2.3875, 0.4050, 1.9396, 0.5646, 1.8786, 1.9571, 1.0170, 0.4350, 1.4672, 0.6490, 1.0919, 2.3393, 0.5972, 1.3974, 1.5730, 1.7003, 0.7219, 1.9873, 1.8533, 1.9089, 1.3607, 0.2600, 0.8303, 1.0926, 0.7649, 1.2116, 1.7138, 1.5001, 0.8375, 0.7658, 1.0661,
        1.5291, 1.0778, 0.9826, 2.1499, 2.3518, 0.7437, 1.1070, 0.8878, 1.3137, 1.8029, 0.6292, 1.6025, 0.7575, 1.5454, 0.9933, 2.4137, 0.8591, 1.7307, 0.7644, 0.5535, 0.4242, 0.6992, 1.1391, 0.5064, 1.7361, 0.6187, 1.3464, 0.8507, 0.5772, 0.9009, 0.7753, 2.2130, 1.5884, 0.5723, 0.3492, 0.7168, 1.6481, 2.1145, 1.3387,
        2.0497, 1.1585, 1.7466, 0.5723, 1.5985, 2.0766, 1.8248, 1.1683, 0.5199, 0.7142, 2.3579, 1.1310, 1.2209, 0.6782, 1.7850, 2.3144, 1.4983, 1.4863, 1.5209, 1.7133, 1.4759, 1.5159, 1.4173, 0.6127, 0.7319, 0.9331, 2.0853, 0.6319, 0.9016, 1.2593, 1.4083, 1.8990, 1.3509, 1.6474, 2.0122, 1.2891, 2.0264, 1.5768, 1.4521,
        1.5242, 0.5413, 1.2293, 1.9807, 1.9044, 2.0892, 1.6898, 1.2892, 0.5320, 1.7740, 1.4031, 1.4207, 0.4693, 0.6030, 0.3949, 1.3942, 2.0869, 1.0224, 0.9843, 1.2522, 1.8293, 0.8855, 1.2860, 0.4301, 1.2949, 0.8838, 2.2331, 1.0254, 1.4891, 0.6772, 1.4282, 1.5854, 0.6592, 2.2968, 0.7801, 1.9884, 1.2844, 0.8689, 1.2083,
        1.6044, 1.4565, 0.4196, 1.9180, 0.4678, 1.2141, 1.1871, 1.1817, 2.0110, 2.1439, 1.7134, 1.9993, 1.4038, 0.4935, 0.5389, 0.4401, 1.8098, 1.0731, 0.8186, 0.5004, 1.8272, 1.8254], requires_grad=True)), ('module_list.111.BatchNorm2d.bias', tensor([ 6.1104e-02,  2.4966e-01, -2.3542e-01, -8.0418e-02, -1.0630e-01,  1.2668e-01,  1.3432e-01,  3.5910e-01,  1.5486e-01,  3.5699e-01,  1.8805e-01,  3.0417e-01,  5.5796e-01,  6.8744e-01,  5.4724e-01, -7.9456e-01,  8.0829e-01,  4.1131e-01, -1.5564e-01, -1.1152e-02,  5.1463e-01,  2.8021e-01,  6.6558e-01,  4.7655e-01,
         6.7595e-01,  5.6588e-01,  1.3409e-01,  2.6757e-01, -3.2133e-01,  7.4429e-01,  3.2061e-01, -6.2721e-02,  6.5684e-01,  1.5946e+00,  2.2059e-01,  3.9619e-01,  1.8570e-01,  1.9619e-01,  6.6541e-01,  3.9478e-01,  5.1975e-02,  2.3398e-01,  7.7526e-01,  4.5565e-02,  3.5946e-01,  6.1147e-02,  6.1425e-01,  1.1411e-01,
         3.0718e-01, -2.1732e-03,  8.0447e-01,  6.6222e-02, -2.3800e-01, -1.3412e-01,  1.3106e+00,  1.6904e+00,  4.6263e-01, -1.2838e-01, -1.2276e-01,  1.6398e-01,  1.8537e-01, -4.2267e-01,  1.8280e-01,  8.5636e-02,  3.2413e-02, -1.2415e-01,  1.9665e-01,  1.8726e+00, -1.8091e-01,  8.2654e-02,  1.6584e-01,  1.3788e-01,
         6.6232e-01,  3.0730e-01,  2.3740e-01,  2.9031e-01, -1.9835e-01,  2.1772e-01, -1.5977e-01,  8.4945e-02,  2.3712e-01, -1.8641e-02,  1.4593e+00,  9.4410e-02,  1.3764e+00,  3.0476e-01, -2.7724e-02,  2.4093e-01,  2.6782e-02,  3.3259e-01,  2.0143e-01,  2.9413e-01, -3.5505e-02,  2.2562e-01,  4.9851e-02,  8.5502e-03,
         4.5339e-01,  7.5352e-02,  5.6552e-01,  1.5829e-01,  6.7440e-02,  2.8463e-01, -1.0500e-01,  6.0399e-02,  2.6039e-01,  2.0133e-01,  3.3782e-01,  3.8324e-01,  3.4743e-01,  2.7691e-01,  2.9870e-01,  9.9459e-01, -5.8704e-02,  6.2427e-01,  3.1566e-01,  4.1707e-01, -3.9931e-01,  7.0888e-02,  2.7216e-01,  4.3240e-01,
         5.0479e-01, -8.8354e-02, -1.7645e-01,  5.2958e-01, -4.1992e-01, -3.4276e-01,  8.4041e-01,  3.0725e-01,  1.0195e+00,  1.5530e-01,  3.1525e-01,  3.4381e-01,  3.2472e-01,  4.1557e-02, -2.2727e-02,  4.7821e-01,  6.7936e-02,  5.3485e-01,  9.0269e-03,  7.2835e-01, -1.7827e-01,  1.0427e+00,  6.0667e-01,  2.7474e-01,
         6.8398e-01,  7.3333e-01, -2.8652e-01,  8.0487e-02,  4.2929e-01, -4.0639e-01,  2.5972e-01,  3.6470e-01,  6.2465e-01,  3.4578e-01,  3.6999e-01,  1.2923e-02,  2.8338e-01, -2.1888e-02,  7.7140e-01,  3.1852e-02, -3.2125e-01,  3.3909e-01,  1.3790e-01,  2.1379e-01, -3.3418e-02,  9.3957e-02,  3.2454e-01, -1.5287e-01,
         4.9149e-01, -3.8752e-01,  9.1582e-02,  6.4946e-01, -1.3223e-01,  5.3103e-01,  3.9240e-01,  5.9482e-01,  1.2686e-01,  1.7807e-01,  6.3406e-01,  5.5290e-01,  6.6847e-02, -1.5205e-01, -1.3063e-02,  1.7720e-01,  2.2556e-01,  3.6230e-01,  8.0313e-01,  6.9219e-01,  2.4181e-01,  5.4273e-01,  3.3169e-01, -1.2108e-01,
         1.6201e-01, -1.3082e-01, -9.1329e-01,  6.1086e-01,  6.7516e-01,  2.5813e-01,  7.1173e-01, -2.8759e-01,  4.1741e-01,  1.6751e-01,  4.0659e-01,  2.1804e-01,  5.6864e-02,  3.5797e-01,  7.5443e-02,  4.1997e-01,  9.0020e-02,  4.4820e-01,  1.3108e-01,  7.8401e-01, -1.6634e-01,  2.3841e-01, -3.5800e-01,  1.5715e+00,
         2.9961e-01,  1.0855e-01,  3.3554e-01,  1.5033e-01,  7.8202e-02,  3.5722e-01, -7.7086e-01,  2.3732e+00,  3.8311e-01, -2.2244e-02,  3.1231e-01,  1.8426e-01,  1.9044e-01,  1.9001e-01,  1.6907e-01, -1.8473e-01,  3.2612e-01, -7.4585e-02,  6.1723e-01,  4.8695e-01,  4.1952e-01,  1.6618e-01,  3.1462e-01,  4.8032e-01,
        -5.0966e-03, -4.9101e-03,  2.9397e-01,  4.0822e-02,  5.5640e-03,  1.5736e+00,  4.9546e-01,  8.0905e-01,  1.2146e-01,  1.4498e-01,  1.1433e-01, -2.3203e-01, -8.6673e-02,  3.2347e-01,  3.6836e-01,  5.5912e-01], requires_grad=True)), ('module_list.111.BatchNorm2d.running_mean', tensor([-8.6645e-03, -2.9110e-01, -3.5280e-01, -2.4448e-01, -2.3755e-01, -6.0785e-01, -1.4474e-01, -8.3683e-02, -1.1909e-01, -2.3573e-01, -1.0615e+00, -5.0801e-02, -4.0297e-01,  3.8680e-01, -2.9418e-01, -3.9088e-01, -3.2869e-01, -2.2628e-01,  7.6927e-02,  1.4468e-02, -1.4571e-01, -2.6494e-01, -3.8193e-01,  2.6841e-02,
        -2.7115e-01, -2.3207e-01, -3.6891e-01, -2.4522e-01, -1.9367e-01,  5.1953e-01,  2.3900e-01, -1.7658e+00, -9.8227e-02, -6.6130e-02,  1.4463e-01, -3.3804e-01,  1.3980e-01, -2.5670e-01,  1.9263e-01, -4.8691e-01, -5.2204e-01, -9.2395e-01,  1.8040e-01, -3.5453e-01, -1.1594e-01, -1.1152e-01, -3.0365e-01, -1.0753e-01,
        -4.4118e-01, -2.4404e-01,  1.5649e-01,  3.2308e-01,  3.2451e-02,  3.7275e-02, -6.1266e-02, -1.5255e-01, -4.6414e-01, -4.6881e-04, -1.8879e-01, -1.4685e-01, -3.4681e-01, -5.1914e-01,  2.9980e-02, -1.1823e-01, -2.9298e-02, -3.0283e-01,  4.0540e-01,  2.7394e-01, -6.3270e-02, -5.6367e-01, -1.0164e-01,  5.8355e-02,
         9.6909e-01, -4.7438e-02, -3.2097e-01, -2.1234e-02, -8.4638e-02, -1.6745e-01, -2.6617e-01, -3.0238e-01, -1.9061e-01,  3.4164e-02, -7.2123e-02, -9.5260e-02,  9.7935e-02, -2.9050e-01, -3.4325e-01, -1.4990e-01, -1.8446e-01, -7.0488e-01, -1.3958e-01, -2.3857e-01, -2.8249e-01, -9.9993e-01, -4.8317e-02, -1.5836e-01,
         3.8495e-01,  3.1699e-02, -2.0794e-01, -8.6984e-02, -1.1079e-01, -4.5784e-02, -3.0633e-01, -3.0622e-01, -1.8981e-01, -4.4973e-01,  8.2520e-01, -3.0820e-01, -1.3251e-01,  1.1949e-01, -1.4468e-01, -1.1209e-01, -2.5538e-01, -8.4430e-02, -1.2077e-01,  4.7377e-01,  6.8321e-02, -7.2311e-02,  7.5078e-01,  7.5857e-02,
        -2.8340e-01, -2.0591e-01, -1.6681e-01,  3.5313e-01,  1.3786e-01, -8.1511e-02,  4.8802e-02, -4.5578e-01,  1.0174e-02,  3.0944e-02, -2.4814e-01, -2.8152e-02, -3.0018e-01, -2.2202e-01, -1.9334e-01, -2.3165e-01, -3.8846e-01,  2.1937e-01, -1.0592e-01,  3.8847e-02, -2.7232e-01, -4.0531e-01,  4.3756e-02, -9.5727e-02,
         9.6533e-02, -1.5307e-01,  2.5124e-02, -1.8160e-01, -1.0079e-01, -1.1057e-01, -7.0092e-01, -4.1998e-01, -4.8524e-01, -4.7751e-01,  1.2980e-01,  9.1669e-02, -3.2749e-01, -6.8330e-02, -2.3999e-01, -1.0756e+00, -2.3053e-01, -4.4758e-01, -2.3335e-01, -1.2024e-01, -4.5922e-01, -1.9902e+00, -2.2001e-01,  1.6200e-02,
        -1.6501e-01, -1.5166e-01,  3.5974e-02, -1.7386e-01, -3.6131e-02,  1.1277e+00, -2.7795e-02,  1.2539e-01, -1.1195e-01, -1.9785e-02, -8.3968e-02, -2.1568e-01, -6.5255e-01, -3.5085e-01, -1.0117e-01, -2.1278e-01, -3.2059e-01, -2.4099e-01,  1.0247e-01, -6.2237e-02, -2.4927e-01, -5.7667e-01, -2.2318e-01, -1.1964e-01,
        -1.9865e-01, -3.8029e-01,  2.2200e-01, -1.9083e-01, -2.3736e-01,  2.7848e-01, -3.2613e-01, -1.4406e-01, -3.0552e-01, -4.9424e-01,  5.4883e-01, -5.9114e-01, -4.2462e-01, -3.7159e-01, -1.0239e-01, -1.0092e+00, -3.2155e-01, -7.1621e-01, -2.4651e-02, -3.5189e-01,  1.2397e-01, -1.6797e-01, -2.5303e-01,  3.2738e-03,
        -8.4415e-02, -4.2847e-01, -8.2714e-01,  4.9304e-02, -7.7702e-01, -4.6152e-01,  4.6682e-02,  2.3188e-01, -7.3420e-01, -3.2332e-01, -8.6971e-02, -1.0261e+00, -2.4446e-01, -9.1056e-01, -3.6859e-01, -7.9255e-02,  4.6660e-01,  5.1132e-01,  8.8143e-03, -9.0920e-02, -4.6940e-01, -4.0453e-01, -8.4799e-01, -4.1626e-02,
        -5.1558e-03,  1.1359e-01, -7.8887e-01, -1.0560e-01, -3.5889e-01,  1.6765e-01, -1.0723e-01, -2.2269e-01, -1.7754e-01, -1.0592e+00, -1.8750e-01, -2.5430e-01, -7.4157e-01, -3.2538e-01, -2.2817e-01, -1.9837e-02], requires_grad=True)), ('module_list.111.BatchNorm2d.running_var', tensor([0.0460, 0.1386, 0.0821, 0.0991, 0.0340, 0.0767, 0.1030, 0.0763, 0.0735, 0.0622, 0.5538, 0.0462, 1.1977, 0.1315, 0.1184, 0.0668, 0.2821, 0.0736, 0.0764, 0.0633, 0.0600, 0.1356, 0.1452, 0.0722, 0.0889, 0.0711, 0.0622, 0.0996, 0.0373, 0.0696, 0.1078, 0.2792, 0.2656, 0.1402, 0.0545, 0.0851, 0.0830, 0.1169, 0.0481,
        0.1288, 0.0437, 0.1589, 0.2029, 0.0379, 0.1021, 0.0416, 0.0953, 0.1360, 0.1234, 0.0861, 0.0449, 0.1078, 0.1439, 0.0695, 0.2243, 0.1814, 0.1378, 0.0656, 0.0534, 0.0378, 0.0816, 0.0867, 0.0949, 0.0504, 0.0618, 0.1180, 0.0594, 0.1443, 0.1375, 0.1168, 0.0635, 0.0256, 0.0782, 0.1078, 0.0581, 0.1333, 0.0469, 0.0374,
        0.0586, 0.1056, 0.0574, 0.0836, 0.1568, 0.0578, 0.1349, 0.2138, 0.0996, 0.0961, 0.1307, 0.4636, 0.0344, 0.0580, 0.0998, 0.4394, 0.0433, 0.1122, 0.0710, 0.0989, 1.0128, 0.0844, 0.0461, 0.0774, 0.0611, 0.0560, 0.0439, 0.0988, 0.0568, 0.2920, 0.1033, 0.0751, 0.0764, 0.1205, 0.1366, 0.2168, 0.1153, 0.0471, 0.0700,
        0.0489, 0.0691, 0.0464, 0.1229, 0.0837, 0.2008, 0.0780, 0.0498, 0.0458, 0.0512, 0.1788, 0.0634, 0.1267, 0.1482, 0.0554, 0.0890, 0.0406, 0.0917, 0.0623, 0.0947, 1.4342, 0.1104, 0.3943, 0.1034, 0.3556, 0.7557, 0.1052, 0.0942, 0.1410, 0.0857, 0.0696, 0.0922, 0.0801, 0.4091, 0.3975, 0.7031, 0.0836, 0.1580, 0.0734,
        0.0864, 0.0726, 0.0719, 0.2829, 0.0702, 0.1314, 0.0756, 0.0888, 0.0778, 0.2879, 0.0531, 0.0592, 0.0677, 0.1227, 0.0530, 0.1211, 0.0260, 0.0706, 0.2214, 0.1198, 0.0683, 0.0985, 0.0784, 0.0890, 0.1262, 0.1444, 0.0475, 0.0988, 0.1471, 0.0594, 0.0603, 0.1588, 0.0379, 0.3144, 0.0480, 0.0563, 0.0557, 0.0499, 0.0525,
        0.0451, 0.3333, 0.0980, 0.1101, 0.0768, 0.0754, 0.0692, 0.0665, 0.2063, 0.0639, 0.0784, 0.0372, 1.3382, 0.1556, 0.9947, 0.0693, 0.1267, 0.0519, 0.0524, 0.0707, 0.1293, 0.1221, 0.0621, 0.3891, 0.0688, 0.0945, 0.2354, 0.1113, 0.3424, 0.3896, 0.0833, 0.1619, 0.3992, 0.0534, 0.1194, 0.1271, 0.0563, 0.0714, 0.1026,
        0.0319, 0.0663, 0.2252, 0.0739, 0.5472, 0.0425, 0.0357, 0.0711, 0.1871, 0.0573, 0.0947, 0.1029, 0.0877, 0.2473, 0.0740, 0.3368, 0.0718, 0.0567, 0.0835, 0.1354, 0.0953, 0.0370], requires_grad=True)), ('module_list.111.BatchNorm2d.num_batches_tracked', tensor(0)), ('module_list.112.Conv2d.weight', tensor([[[[ 1.7605e-03]],

         [[-9.9211e-04]],

         [[-1.2584e-04]],

         ...,

         [[-2.1793e-03]],

         [[ 2.2666e-03]],

         [[ 1.0880e-03]]],


        [[[-2.8437e-03]],

         [[ 1.4769e-03]],

         [[ 2.5302e-03]],

         ...,

         [[-2.0234e-01]],

         [[-1.1690e-03]],

         [[ 6.1793e-03]]],


        [[[-1.5444e-03]],

         [[ 2.2401e-04]],

         [[-4.4970e-05]],

         ...,

         [[-8.3602e-04]],

         [[-2.2617e-04]],

         [[-1.9589e-03]]],


        ...,


        [[[ 4.4249e-02]],

         [[ 1.1191e-02]],

         [[-7.3801e-03]],

         ...,

         [[-1.1366e-02]],

         [[-2.4848e-02]],

         [[-1.4830e-03]]],


        [[[-1.8014e-02]],

         [[-3.8439e-04]],

         [[-3.2524e-03]],

         ...,

         [[-8.7840e-03]],

         [[ 3.7177e-03]],

         [[ 2.6971e-03]]],


        [[[ 9.2934e-03]],

         [[ 1.1318e-03]],

         [[ 3.5034e-04]],

         ...,

         [[-1.1146e-02]],

         [[-3.0069e-02]],

         [[ 7.5673e-03]]]], requires_grad=True)), ('module_list.112.Conv2d.bias', tensor([-0.1735, -0.1043,  0.6747,  0.6321, -4.5364, -1.9783, -5.7187, -4.3743, -5.9714, -6.2574, -6.2811, -6.4672, -5.6329, -5.7855, -5.5280, -6.2043, -6.1240, -6.0858, -5.5900, -5.3135, -6.1955, -5.9227, -5.8665, -5.8141, -5.8093, -6.1024, -6.4541, -6.2813, -6.2684, -4.9702, -5.5518, -4.4315, -5.4184, -5.6806,
        -5.8474, -6.0810, -6.0524, -5.5137, -5.7092, -6.0667, -5.6660, -5.9446, -5.7998, -5.7902, -4.2217, -5.5042, -4.4601, -5.7187, -5.4470, -5.5232, -5.1943, -5.7473, -5.7712, -6.2083, -5.7807, -6.1573, -5.7473, -6.1383, -6.0286, -5.5805, -5.9500, -4.2884, -6.3846, -5.6472, -6.5530, -5.6281, -6.2193, -6.0477,
        -6.1192, -6.1478, -5.3659, -6.2515, -5.2038, -6.4192, -6.3623, -6.4958, -5.9714, -6.5578, -4.7271, -5.3945, -5.5518, -6.0725, -6.0191, -6.4434, -5.9571, -0.0312, -0.0930,  0.3507, -0.0500, -3.6682, -1.7455, -6.1001, -4.7080, -6.1383, -6.6675, -6.5816, -6.7390, -5.8903, -6.1430, -6.0095, -6.4863, -6.6103,
        -6.5959, -5.9523, -5.6234, -6.3147, -5.9905, -6.0620, -6.1573, -6.0403, -6.3147, -6.7580, -6.6188, -6.6198, -5.4565, -5.7044, -5.0846, -6.3004, -5.8903, -6.4386, -6.5483, -6.4625, -6.3111, -6.1144, -6.6103, -6.4195, -6.2336, -6.2098, -6.3004, -4.7795, -5.9714, -4.9654, -6.2431, -6.0191, -6.1001, -5.5518,
        -6.2145, -6.3385, -6.5435, -6.3671, -6.6818, -6.2765, -6.5721, -6.4577, -6.0095, -6.1764, -4.4648, -6.3760, -5.8188, -6.7199, -6.0763, -6.4523, -6.2622, -6.5197, -6.5816, -6.0191, -6.6484, -5.9714, -6.8057, -6.6341, -6.9058, -6.3433, -6.7914, -5.3135, -6.0088, -5.7950, -6.5054, -6.2432, -6.8010, -6.5054,
        -0.0373, -0.0663, -0.2861,  0.2190, -3.2966, -1.7312, -6.2002, -4.7175, -6.1669, -6.7104, -6.6449, -6.7914, -5.8856, -6.2191, -6.0858, -6.5721, -6.7151, -6.6806, -5.9857, -5.6710, -6.2861, -5.9619, -6.1335, -6.2098, -6.0858, -6.3576, -6.7771, -6.6579, -6.7199, -5.5566, -5.7044, -5.2182, -6.4339, -5.8999,
        -6.5244, -6.5721, -6.5215, -6.4386, -6.1812, -6.7437, -6.4954, -6.2700, -6.2670, -6.4052, -4.9845, -6.1573, -5.0560, -6.4100, -6.1335, -6.2241, -5.5328, -6.3099, -6.4243, -6.5816, -6.4148, -6.7628, -6.3664, -6.6389, -6.5673, -6.0572, -6.1576, -4.4410, -6.3957, -5.9333, -6.7389, -6.1526, -6.4672, -6.2479,
        -6.5626, -6.6341, -6.1097, -6.7056, -6.0763, -6.8594, -6.6466, -6.9821, -6.4052, -6.8576, -5.4009, -6.1335, -5.8379, -6.6103, -6.3099, -6.8725, -6.6484], requires_grad=True))]) acceptable suffix is ('.pt', '.torchscript', '.onnx', '_openvino_model', '.engine', '.mlpackage', '_saved_model', '.pb', '.tflite', '_edgetpu.tflite', '_web_model', '_paddle_model', '.mnn', '_ncnn_model', '_imx_model', '_rknn_model'), not .6484], requires_grad=true))])
